[debug] [2021-10-11T08:14:18.292Z] ----------------------------------------------------------------------
[debug] [2021-10-11T08:14:18.294Z] Command:       C:\Program Files\nodejs\node.exe C:\Users\Gowtham\AppData\Roaming\npm\node_modules\firebase-tools\lib\bin\firebase.js init
[debug] [2021-10-11T08:14:18.295Z] CLI Version:   9.20.0
[debug] [2021-10-11T08:14:18.295Z] Platform:      win32
[debug] [2021-10-11T08:14:18.295Z] Node Version:  v14.17.5
[debug] [2021-10-11T08:14:18.296Z] Time:          Mon Oct 11 2021 13:44:18 GMT+0530 (India Standard Time)
[debug] [2021-10-11T08:14:18.296Z] ----------------------------------------------------------------------
[debug] 
[debug] [2021-10-11T08:14:18.302Z] > command requires scopes: ["email","openid","https://www.googleapis.com/auth/cloudplatformprojects.readonly","https://www.googleapis.com/auth/firebase","https://www.googleapis.com/auth/cloud-platform"]
[debug] [2021-10-11T08:14:18.302Z] > authorizing via signed-in user (gowthamgoutam@gmail.com)
[info] 
     ######## #### ########  ######## ########     ###     ######  ########
     ##        ##  ##     ## ##       ##     ##  ##   ##  ##       ##
     ######    ##  ########  ######   ########  #########  ######  ######
     ##        ##  ##    ##  ##       ##     ## ##     ##       ## ##
     ##       #### ##     ## ######## ########  ##     ##  ######  ########

You're about to initialize a Firebase project in this directory:

  C:\Users\Gowtham\Code\BlockReview

[info] 
=== Project Setup
[info] 
[info] First, let's associate this project directory with a Firebase project.
[info] You can create multiple project aliases by running firebase use --add, 
[info] but for now we'll just set up a default project.
[info] 
[debug] [2021-10-11T08:16:45.609Z] >>> [apiv2][query] GET https://firebase.googleapis.com/v1beta1/projects pageSize=100
[debug] [2021-10-11T08:16:46.280Z] <<< [apiv2][status] GET https://firebase.googleapis.com/v1beta1/projects 200
[debug] [2021-10-11T08:16:46.281Z] <<< [apiv2][body] GET https://firebase.googleapis.com/v1beta1/projects [omitted]
[info] i  Using project blockreview-17cf0 (BlockReview) 
[info] 
=== Hosting Setup
[info] 
[info] Your public directory is the folder (relative to your project directory) that
[info] will contain Hosting assets to be uploaded with firebase deploy. If you
[info] have a build process for your assets, use your build's output directory.
[info] 
[info] +  Wrote y/404.html 
[debug] [2021-10-11T08:17:53.410Z] >>> [apiv2][query] GET https://www.gstatic.com/firebasejs/releases.json [none]
[debug] [2021-10-11T08:17:53.492Z] <<< [apiv2][status] GET https://www.gstatic.com/firebasejs/releases.json 200
[debug] [2021-10-11T08:17:53.492Z] <<< [apiv2][body] GET https://www.gstatic.com/firebasejs/releases.json {"current":{"version":"9.1.2","browserURL":"https://www.gstatic.com/firebasejs/9.1.2/firebase.js","packageURL":"https://www.gstatic.com/firebasejs/9.1.2/firebase.tgz"},"live":{"version":"9.1","browserURL":"https://www.gstatic.com/firebasejs/live/9.1/firebase.js","packageURL":"https://www.gstatic.com/firebasejs/live/9.1/firebase.tgz"},"components":{"analytics":"https://www.gstatic.com/firebasejs/9.1.2/firebase-analytics.js","app":"https://www.gstatic.com/firebasejs/9.1.2/firebase-app.js","app-check":"https://www.gstatic.com/firebasejs/9.1.2/firebase-app-check.js","auth":"https://www.gstatic.com/firebasejs/9.1.2/firebase-auth.js","auth/cordova":"https://www.gstatic.com/firebasejs/9.1.2/firebase-auth/cordova.js","auth/react-native":"https://www.gstatic.com/firebasejs/9.1.2/firebase-auth/react-native.js","functions":"https://www.gstatic.com/firebasejs/9.1.2/firebase-functions.js","firestore":"https://www.gstatic.com/firebasejs/9.1.2/firebase-firestore.js","firestore/lite":"https://www.gstatic.com/firebasejs/9.1.2/firebase-firestore/lite.js","storage":"https://www.gstatic.com/firebasejs/9.1.2/firebase-storage.js","performance":"https://www.gstatic.com/firebasejs/9.1.2/firebase-performance.js","remote-config":"https://www.gstatic.com/firebasejs/9.1.2/firebase-remote-config.js","messaging":"https://www.gstatic.com/firebasejs/9.1.2/firebase-messaging.js","messaging/sw":"https://www.gstatic.com/firebasejs/9.1.2/firebase-messaging/sw.js","database":"https://www.gstatic.com/firebasejs/9.1.2/firebase-database.js","firestore.memory":"https://www.gstatic.com/firebasejs/9.1.2/firebase-firestore.memory.js"}}
[info] +  Wrote y/index.html 
[info] 
[info] i  Didn't detect a .git folder. Assuming C:\Users\Gowtham\Code\BlockReview is the project root. 
[info] i  Authorizing with GitHub to upload your service account to a GitHub repository's secrets store. 
[info] 
[info] Visit this URL on this device to log in:
[info] https://github.com/login/oauth/authorize?client_id=89cf50f02ac6aaed3484&state=858717277&redirect_uri=http%3A%2F%2Flocalhost%3A9005&scope=read%3Auser%20repo%20public_repo
[info] 
[info] Waiting for authentication...
[debug] [2021-10-11T08:18:07.705Z] >>> HTTP REQUEST POST https://github.com/login/oauth/access_token  
 {"client_id":"89cf50f02ac6aaed3484","client_secret":"3330d14abc895d9a74d5f17cd7a00711fa2c5bf0","code":"d9fd99eb9d917ce20189","redirect_uri":"http://localhost:9005","state":"858717277"}
[debug] [2021-10-11T08:18:08.071Z] <<< HTTP RESPONSE 200 {"server":"GitHub.com","date":"Mon, 11 Oct 2021 08:18:07 GMT","content-type":"application/json; charset=utf-8","transfer-encoding":"chunked","vary":"X-PJAX, X-PJAX-Container, Accept-Encoding, Accept, X-Requested-With","permissions-policy":"interest-cohort=()","etag":"W/\"f5676805fb4fab2d66f71a035e442e72\"","cache-control":"max-age=0, private, must-revalidate","strict-transport-security":"max-age=31536000; includeSubdomains; preload","x-frame-options":"deny","x-content-type-options":"nosniff","x-xss-protection":"0","referrer-policy":"origin-when-cross-origin, strict-origin-when-cross-origin","expect-ct":"max-age=2592000, report-uri=\"https://api.github.com/_private/browser/errors\"","content-security-policy":"default-src 'none'; base-uri 'self'; block-all-mixed-content; child-src github.com/assets-cdn/worker/ gist.github.com/assets-cdn/worker/; connect-src 'self' uploads.github.com objects-origin.githubusercontent.com www.githubstatus.com collector.githubapp.com api.github.com github-cloud.s3.amazonaws.com github-production-repository-file-5c1aeb.s3.amazonaws.com github-production-upload-manifest-file-7fdce7.s3.amazonaws.com github-production-user-asset-6210df.s3.amazonaws.com cdn.optimizely.com logx.optimizely.com/v1/events translator.github.com wss://alive.github.com; font-src github.githubassets.com; form-action 'self' github.com gist.github.com objects-origin.githubusercontent.com; frame-ancestors 'none'; frame-src render.githubusercontent.com viewscreen.githubusercontent.com viewscreen-lab.githubusercontent.com; img-src 'self' data: github.githubassets.com identicons.github.com collector.githubapp.com github-cloud.s3.amazonaws.com secured-user-images.githubusercontent.com/ *.githubusercontent.com; manifest-src 'self'; media-src github.com user-images.githubusercontent.com/; script-src github.githubassets.com; style-src 'unsafe-inline' github.githubassets.com; worker-src github.com/assets-cdn/worker/ gist.github.com/assets-cdn/worker/ github.com/socket-worker-0af8a29d.js gist.github.com/socket-worker-0af8a29d.js","x-github-request-id":"2403:532B:84C0D:2BFBC5:6163F33F"}
[debug] [2021-10-11T08:18:08.074Z] >>> [apiv2][query] GET https://api.github.com/user [none]
[debug] [2021-10-11T08:18:08.532Z] <<< [apiv2][status] GET https://api.github.com/user 200
[debug] [2021-10-11T08:18:08.532Z] <<< [apiv2][body] GET https://api.github.com/user {"login":"GowthamNaruto","id":88825492,"node_id":"MDQ6VXNlcjg4ODI1NDky","avatar_url":"https://avatars.githubusercontent.com/u/88825492?v=4","gravatar_id":"","url":"https://api.github.com/users/GowthamNaruto","html_url":"https://github.com/GowthamNaruto","followers_url":"https://api.github.com/users/GowthamNaruto/followers","following_url":"https://api.github.com/users/GowthamNaruto/following{/other_user}","gists_url":"https://api.github.com/users/GowthamNaruto/gists{/gist_id}","starred_url":"https://api.github.com/users/GowthamNaruto/starred{/owner}{/repo}","subscriptions_url":"https://api.github.com/users/GowthamNaruto/subscriptions","organizations_url":"https://api.github.com/users/GowthamNaruto/orgs","repos_url":"https://api.github.com/users/GowthamNaruto/repos","events_url":"https://api.github.com/users/GowthamNaruto/events{/privacy}","received_events_url":"https://api.github.com/users/GowthamNaruto/received_events","type":"User","site_admin":false,"name":"Gowtham Selvam","company":"BlockReview","blog":"https://blockreview.in/","location":"India","email":null,"hireable":null,"bio":"Learning Languages","twitter_username":"gowthamgoutam","public_repos":4,"public_gists":0,"followers":1,"following":1,"created_at":"2021-08-12T08:45:33Z","updated_at":"2021-09-29T06:11:07Z","private_gists":0,"total_private_repos":0,"owned_private_repos":0,"disk_usage":218,"collaborators":0,"two_factor_authentication":false,"plan":{"name":"free","space":976562499,"collaborators":0,"private_repos":10000}}
[info] 
[info] +  Success! Logged into GitHub as GowthamNaruto 
[info] 
